------Start of DE processing------ = [5/1/17 11:06:53:385 EEST]
Exception = javax.servlet.ServletException
Source = com.ibm.ws.webcontainer.filter.WebAppFilterManager.invokeFilters
probeid = 1064
Stack Dump = javax.servlet.ServletException: Not a Valid Method Expression: 
	at javax.faces.webapp.FacesServlet.service(FacesServlet.java:230)
	at com.ibm.ws.webcontainer.servlet.ServletWrapper.service(ServletWrapper.java:1290)
	at com.ibm.ws.webcontainer.servlet.ServletWrapper.handleRequest(ServletWrapper.java:778)
	at com.ibm.ws.webcontainer.servlet.ServletWrapper.handleRequest(ServletWrapper.java:475)
	at com.ibm.ws.webcontainer.filter.WebAppFilterManager.invokeFilters(WebAppFilterManager.java:1157)
	at com.ibm.ws.webcontainer.webapp.WebApp.handleRequest(WebApp.java:4956)
	at com.ibm.ws.webcontainer31.osgi.webapp.WebApp31.handleRequest(WebApp31.java:525)
	at com.ibm.ws.webcontainer.osgi.DynamicVirtualHost$2.handleRequest(DynamicVirtualHost.java:315)
	at com.ibm.ws.webcontainer.WebContainer.handleRequest(WebContainer.java:1014)
	at com.ibm.ws.webcontainer.osgi.DynamicVirtualHost$2.run(DynamicVirtualHost.java:280)
	at com.ibm.ws.http.dispatcher.internal.channel.HttpDispatcherLink$TaskWrapper.run(HttpDispatcherLink.java:967)
	at com.ibm.ws.http.dispatcher.internal.channel.HttpDispatcherLink.wrapHandlerAndExecute(HttpDispatcherLink.java:359)
	at com.ibm.ws.http.dispatcher.internal.channel.HttpDispatcherLink.ready(HttpDispatcherLink.java:318)
	at com.ibm.ws.http.channel.internal.inbound.HttpInboundLink.handleDiscrimination(HttpInboundLink.java:471)
	at com.ibm.ws.http.channel.internal.inbound.HttpInboundLink.handleNewRequest(HttpInboundLink.java:405)
	at com.ibm.ws.http.channel.internal.inbound.HttpInboundLink.processRequest(HttpInboundLink.java:285)
	at com.ibm.ws.http.channel.internal.inbound.HttpInboundLink.ready(HttpInboundLink.java:256)
	at com.ibm.ws.tcpchannel.internal.NewConnectionInitialReadCallback.sendToDiscriminators(NewConnectionInitialReadCallback.java:174)
	at com.ibm.ws.tcpchannel.internal.NewConnectionInitialReadCallback.complete(NewConnectionInitialReadCallback.java:83)
	at com.ibm.ws.tcpchannel.internal.WorkQueueManager.requestComplete(WorkQueueManager.java:504)
	at com.ibm.ws.tcpchannel.internal.WorkQueueManager.attemptIO(WorkQueueManager.java:574)
	at com.ibm.ws.tcpchannel.internal.WorkQueueManager.workerRun(WorkQueueManager.java:929)
	at com.ibm.ws.tcpchannel.internal.WorkQueueManager$Worker.run(WorkQueueManager.java:1018)
	at java.util.concurrent.ThreadPoolExecutor.runWorker(ThreadPoolExecutor.java:1142)
	at java.util.concurrent.ThreadPoolExecutor$Worker.run(ThreadPoolExecutor.java:617)
	at java.lang.Thread.run(Thread.java:745)
Caused by: javax.el.ELException: Not a Valid Method Expression: 
	at org.apache.el.lang.ExpressionBuilder.createMethodExpression(ExpressionBuilder.java:251)
	at org.apache.el.ExpressionFactoryImpl.createMethodExpression(ExpressionFactoryImpl.java:55)
	at org.jboss.weld.util.el.ForwardingExpressionFactory.createMethodExpression(ForwardingExpressionFactory.java:43)
	at org.jboss.weld.el.WeldExpressionFactory.createMethodExpression(WeldExpressionFactory.java:53)
	at com.ibm.ws.cdi.web.impl.el.WrappedELExpressionFactory.createMethodExpression(WrappedELExpressionFactory.java:61)
	at org.apache.myfaces.view.facelets.tag.TagAttributeImpl.getMethodExpression(TagAttributeImpl.java:272)
	at org.apache.myfaces.view.facelets.tag.jsf.ActionSourceRule$ActionMapper2.applyMetadata(ActionSourceRule.java:74)
	at org.apache.myfaces.view.facelets.tag.MetadataImpl.applyMetadata(MetadataImpl.java:45)
	at javax.faces.view.facelets.MetaTagHandler.setAttributes(MetaTagHandler.java:63)
	at javax.faces.view.facelets.DelegatingMetaTagHandler.setAttributes(DelegatingMetaTagHandler.java:90)
	at org.apache.myfaces.view.facelets.tag.jsf.ComponentTagHandlerDelegate.apply(ComponentTagHandlerDelegate.java:292)
	at javax.faces.view.facelets.DelegatingMetaTagHandler.apply(DelegatingMetaTagHandler.java:50)
	at javax.faces.view.facelets.DelegatingMetaTagHandler.applyNextHandler(DelegatingMetaTagHandler.java:55)
	at org.apache.myfaces.view.facelets.tag.jsf.ComponentTagHandlerDelegate.apply(ComponentTagHandlerDelegate.java:375)
	at javax.faces.view.facelets.DelegatingMetaTagHandler.apply(DelegatingMetaTagHandler.java:50)
	at javax.faces.view.facelets.CompositeFaceletHandler.apply(CompositeFaceletHandler.java:46)
	at javax.faces.view.facelets.DelegatingMetaTagHandler.applyNextHandler(DelegatingMetaTagHandler.java:55)
	at org.apache.myfaces.view.facelets.tag.jsf.ComponentTagHandlerDelegate.apply(ComponentTagHandlerDelegate.java:375)
	at javax.faces.view.facelets.DelegatingMetaTagHandler.apply(DelegatingMetaTagHandler.java:50)
	at javax.faces.view.facelets.CompositeFaceletHandler.apply(CompositeFaceletHandler.java:46)
	at javax.faces.view.facelets.DelegatingMetaTagHandler.applyNextHandler(DelegatingMetaTagHandler.java:55)
	at org.apache.myfaces.view.facelets.tag.jsf.ComponentTagHandlerDelegate.apply(ComponentTagHandlerDelegate.java:375)
	at javax.faces.view.facelets.DelegatingMetaTagHandler.apply(DelegatingMetaTagHandler.java:50)
	at javax.faces.view.facelets.CompositeFaceletHandler.apply(CompositeFaceletHandler.java:46)
	at org.apache.myfaces.view.facelets.compiler.NamespaceHandler.apply(NamespaceHandler.java:59)
	at javax.faces.view.facelets.CompositeFaceletHandler.apply(CompositeFaceletHandler.java:46)
	at javax.faces.view.facelets.CompositeFaceletHandler.apply(CompositeFaceletHandler.java:46)
	at org.apache.myfaces.view.facelets.compiler.EncodingHandler.apply(EncodingHandler.java:48)
	at org.apache.myfaces.view.facelets.impl.DefaultFacelet.apply(DefaultFacelet.java:194)
	at org.apache.myfaces.view.facelets.FaceletViewDeclarationLanguage.buildView(FaceletViewDeclarationLanguage.java:477)
	at org.apache.myfaces.lifecycle.RenderResponseExecutor.execute(RenderResponseExecutor.java:78)
	at org.apache.myfaces.lifecycle.LifecycleImpl.render(LifecycleImpl.java:267)
	at javax.faces.webapp.FacesServlet.service(FacesServlet.java:200)
	... 25 more

Dump of callerThis
null
