------Start of DE processing------ = [5/1/17 14:33:11:897 EEST]
Exception = javax.transaction.RollbackException
Source = com.ibm.ejs.csi.TranStrategy.commit
probeid = 294
Stack Dump = javax.transaction.RollbackException
	at com.ibm.tx.jta.impl.TransactionImpl.stage3CommitProcessing(TransactionImpl.java:1244)
	at com.ibm.tx.jta.impl.TransactionImpl.processCommit(TransactionImpl.java:1042)
	at com.ibm.tx.jta.impl.TransactionImpl.commit(TransactionImpl.java:975)
	at com.ibm.tx.jta.impl.TranManagerImpl.commit(TranManagerImpl.java:237)
	at com.ibm.tx.jta.impl.TranManagerSet.commit(TranManagerSet.java:191)
	at com.ibm.ejs.csi.TranStrategy.commit(TranStrategy.java:866)
	at com.ibm.ejs.csi.TranStrategy.postInvoke(TranStrategy.java:188)
	at com.ibm.ejs.csi.TransactionControlImpl.postInvoke(TransactionControlImpl.java:482)
	at com.ibm.ejs.container.EJSContainer.postInvoke(EJSContainer.java:3989)
	at ejb.EJSLocal0SLEmployeeFacadeImpl_3ee1a9f4.addEmployee(EJSLocal0SLEmployeeFacadeImpl_3ee1a9f4.java)
	at jaxrs.resource.EmployeeResource.add(EmployeeResource.java:34)
	at sun.reflect.NativeMethodAccessorImpl.invoke0(Native Method)
	at sun.reflect.NativeMethodAccessorImpl.invoke(NativeMethodAccessorImpl.java:62)
	at sun.reflect.DelegatingMethodAccessorImpl.invoke(DelegatingMethodAccessorImpl.java:43)
	at java.lang.reflect.Method.invoke(Method.java:498)
	at com.ibm.ws.jaxrs20.cdi.component.JaxRsFactoryImplicitBeanCDICustomizer.serviceInvoke(JaxRsFactoryImplicitBeanCDICustomizer.java:273)
	at com.ibm.ws.jaxrs20.server.LibertyJaxRsServerFactoryBean.performInvocation(LibertyJaxRsServerFactoryBean.java:659)
	at com.ibm.ws.jaxrs20.server.LibertyJaxRsInvoker.performInvocation(LibertyJaxRsInvoker.java:115)
	at org.apache.cxf.service.invoker.AbstractInvoker.invoke(AbstractInvoker.java:96)
	at com.ibm.ws.jaxrs20.server.LibertyJaxRsInvoker.invoke(LibertyJaxRsInvoker.java:210)
	at org.apache.cxf.jaxrs.JAXRSInvoker.invoke(JAXRSInvoker.java:189)
	at com.ibm.ws.jaxrs20.server.LibertyJaxRsInvoker.invoke(LibertyJaxRsInvoker.java:381)
	at org.apache.cxf.jaxrs.JAXRSInvoker.invoke(JAXRSInvoker.java:99)
	at org.apache.cxf.interceptor.ServiceInvokerInterceptor$1.run(ServiceInvokerInterceptor.java:61)
	at org.apache.cxf.interceptor.ServiceInvokerInterceptor.handleMessage(ServiceInvokerInterceptor.java:99)
	at org.apache.cxf.phase.PhaseInterceptorChain.doIntercept(PhaseInterceptorChain.java:308)
	at org.apache.cxf.transport.ChainInitiationObserver.onMessage(ChainInitiationObserver.java:124)
	at org.apache.cxf.transport.http.AbstractHTTPDestination.invoke(AbstractHTTPDestination.java:265)
	at com.ibm.ws.jaxrs20.endpoint.AbstractJaxRsWebEndpoint.invoke(AbstractJaxRsWebEndpoint.java:134)
	at com.ibm.websphere.jaxrs.server.IBMRestServlet.handleRequest(IBMRestServlet.java:149)
	at com.ibm.websphere.jaxrs.server.IBMRestServlet.doPost(IBMRestServlet.java:107)
	at javax.servlet.http.HttpServlet.service(HttpServlet.java:707)
	at com.ibm.websphere.jaxrs.server.IBMRestServlet.service(IBMRestServlet.java:99)
	at com.ibm.ws.webcontainer.servlet.ServletWrapper.service(ServletWrapper.java:1290)
	at com.ibm.ws.webcontainer.servlet.ServletWrapper.handleRequest(ServletWrapper.java:778)
	at com.ibm.ws.webcontainer.servlet.ServletWrapper.handleRequest(ServletWrapper.java:475)
	at com.ibm.ws.webcontainer.filter.WebAppFilterManager.invokeFilters(WebAppFilterManager.java:1157)
	at com.ibm.ws.webcontainer.servlet.CacheServletWrapper.handleRequest(CacheServletWrapper.java:82)
	at com.ibm.ws.webcontainer.WebContainer.handleRequest(WebContainer.java:945)
	at com.ibm.ws.webcontainer.osgi.DynamicVirtualHost$2.run(DynamicVirtualHost.java:280)
	at com.ibm.ws.http.dispatcher.internal.channel.HttpDispatcherLink$TaskWrapper.run(HttpDispatcherLink.java:967)
	at com.ibm.ws.http.dispatcher.internal.channel.HttpDispatcherLink.wrapHandlerAndExecute(HttpDispatcherLink.java:359)
	at com.ibm.ws.http.dispatcher.internal.channel.HttpDispatcherLink.ready(HttpDispatcherLink.java:318)
	at com.ibm.ws.http.channel.internal.inbound.HttpInboundLink.handleDiscrimination(HttpInboundLink.java:471)
	at com.ibm.ws.http.channel.internal.inbound.HttpInboundLink.handleNewRequest(HttpInboundLink.java:405)
	at com.ibm.ws.http.channel.internal.inbound.HttpInboundLink.processRequest(HttpInboundLink.java:285)
	at com.ibm.ws.http.channel.internal.inbound.HttpICLReadCallback.complete(HttpICLReadCallback.java:66)
	at com.ibm.ws.tcpchannel.internal.WorkQueueManager.requestComplete(WorkQueueManager.java:504)
	at com.ibm.ws.tcpchannel.internal.WorkQueueManager.attemptIO(WorkQueueManager.java:574)
	at com.ibm.ws.tcpchannel.internal.WorkQueueManager.workerRun(WorkQueueManager.java:929)
	at com.ibm.ws.tcpchannel.internal.WorkQueueManager$Worker.run(WorkQueueManager.java:1018)
	at java.util.concurrent.ThreadPoolExecutor.runWorker(ThreadPoolExecutor.java:1142)
	at java.util.concurrent.ThreadPoolExecutor$Worker.run(ThreadPoolExecutor.java:617)
	at java.lang.Thread.run(Thread.java:745)
Caused by: javax.persistence.PersistenceException: Exception [EclipseLink-4002] (Eclipse Persistence Services - 2.6.3.WAS-v20170206-e2ea1d5): org.eclipse.persistence.exceptions.DatabaseException
Internal Exception: com.mysql.jdbc.exceptions.jdbc4.MySQLIntegrityConstraintViolationException: Duplicate entry '5' for key 'PRIMARY'
Error Code: 1062
Call: INSERT INTO EMPLOYEE (ID, NAME, SALARY) VALUES (?, ?, ?)
	bind => [3 parameters bound]
Query: InsertObjectQuery(jpa.Employee@1e6ff413)
	at org.eclipse.persistence.internal.jpa.EntityManagerSetupImpl$1.handleException(EntityManagerSetupImpl.java:767)
	at org.eclipse.persistence.transaction.AbstractSynchronizationListener.handleException(AbstractSynchronizationListener.java:275)
	at org.eclipse.persistence.transaction.AbstractSynchronizationListener.beforeCompletion(AbstractSynchronizationListener.java:170)
	at org.eclipse.persistence.transaction.JTASynchronizationListener.beforeCompletion(JTASynchronizationListener.java:68)
	at com.ibm.tx.jta.impl.RegisteredSyncs.coreDistributeBefore(RegisteredSyncs.java:291)
	at com.ibm.tx.jta.impl.RegisteredSyncs.distributeBefore(RegisteredSyncs.java:192)
	at com.ibm.tx.jta.impl.TransactionImpl.prePrepare(TransactionImpl.java:1663)
	at com.ibm.tx.jta.impl.TransactionImpl.stage1CommitProcessing(TransactionImpl.java:1057)
	at com.ibm.tx.jta.impl.TransactionImpl.processCommit(TransactionImpl.java:1032)
	... 52 more
Caused by: Exception [EclipseLink-4002] (Eclipse Persistence Services - 2.6.3.WAS-v20170206-e2ea1d5): org.eclipse.persistence.exceptions.DatabaseException
Internal Exception: com.mysql.jdbc.exceptions.jdbc4.MySQLIntegrityConstraintViolationException: Duplicate entry '5' for key 'PRIMARY'
Error Code: 1062
Call: INSERT INTO EMPLOYEE (ID, NAME, SALARY) VALUES (?, ?, ?)
	bind => [3 parameters bound]
Query: InsertObjectQuery(jpa.Employee@1e6ff413)
	at org.eclipse.persistence.exceptions.DatabaseException.sqlException(DatabaseException.java:331)
	at org.eclipse.persistence.internal.databaseaccess.DatabaseAccessor.executeDirectNoSelect(DatabaseAccessor.java:902)
	at org.eclipse.persistence.internal.databaseaccess.DatabaseAccessor.executeNoSelect(DatabaseAccessor.java:964)
	at org.eclipse.persistence.internal.databaseaccess.DatabaseAccessor.basicExecuteCall(DatabaseAccessor.java:633)
	at org.eclipse.persistence.internal.databaseaccess.DatabaseAccessor.executeCall(DatabaseAccessor.java:560)
	at org.eclipse.persistence.internal.sessions.AbstractSession.basicExecuteCall(AbstractSession.java:2061)
	at org.eclipse.persistence.sessions.server.ClientSession.executeCall(ClientSession.java:309)
	at org.eclipse.persistence.internal.queries.DatasourceCallQueryMechanism.executeCall(DatasourceCallQueryMechanism.java:242)
	at org.eclipse.persistence.internal.queries.DatasourceCallQueryMechanism.executeCall(DatasourceCallQueryMechanism.java:228)
	at org.eclipse.persistence.internal.queries.DatasourceCallQueryMechanism.insertObject(DatasourceCallQueryMechanism.java:377)
	at org.eclipse.persistence.internal.queries.StatementQueryMechanism.insertObject(StatementQueryMechanism.java:165)
	at org.eclipse.persistence.internal.queries.StatementQueryMechanism.insertObject(StatementQueryMechanism.java:180)
	at org.eclipse.persistence.internal.queries.DatabaseQueryMechanism.insertObjectForWrite(DatabaseQueryMechanism.java:489)
	at org.eclipse.persistence.queries.InsertObjectQuery.executeCommit(InsertObjectQuery.java:80)
	at org.eclipse.persistence.queries.InsertObjectQuery.executeCommitWithChangeSet(InsertObjectQuery.java:90)
	at org.eclipse.persistence.internal.queries.DatabaseQueryMechanism.executeWriteWithChangeSet(DatabaseQueryMechanism.java:301)
	at org.eclipse.persistence.queries.WriteObjectQuery.executeDatabaseQuery(WriteObjectQuery.java:58)
	at org.eclipse.persistence.queries.DatabaseQuery.execute(DatabaseQuery.java:911)
	at org.eclipse.persistence.queries.DatabaseQuery.executeInUnitOfWork(DatabaseQuery.java:810)
	at org.eclipse.persistence.queries.ObjectLevelModifyQuery.executeInUnitOfWorkObjectLevelModifyQuery(ObjectLevelModifyQuery.java:108)
	at org.eclipse.persistence.queries.ObjectLevelModifyQuery.executeInUnitOfWork(ObjectLevelModifyQuery.java:85)
	at org.eclipse.persistence.internal.sessions.UnitOfWorkImpl.internalExecuteQuery(UnitOfWorkImpl.java:2899)
	at org.eclipse.persistence.internal.sessions.AbstractSession.executeQuery(AbstractSession.java:1863)
	at org.eclipse.persistence.internal.sessions.AbstractSession.executeQuery(AbstractSession.java:1845)
	at org.eclipse.persistence.internal.sessions.AbstractSession.executeQuery(AbstractSession.java:1796)
	at org.eclipse.persistence.internal.sessions.CommitManager.commitNewObjectsForClassWithChangeSet(CommitManager.java:227)
	at org.eclipse.persistence.internal.sessions.CommitManager.commitAllObjectsWithChangeSet(CommitManager.java:126)
	at org.eclipse.persistence.internal.sessions.AbstractSession.writeAllObjectsWithChangeSet(AbstractSession.java:4275)
	at org.eclipse.persistence.internal.sessions.UnitOfWorkImpl.commitToDatabase(UnitOfWorkImpl.java:1444)
	at org.eclipse.persistence.internal.sessions.UnitOfWorkImpl.commitToDatabaseWithChangeSet(UnitOfWorkImpl.java:1534)
	at org.eclipse.persistence.internal.sessions.UnitOfWorkImpl.issueSQLbeforeCompletion(UnitOfWorkImpl.java:3171)
	at org.eclipse.persistence.internal.sessions.RepeatableWriteUnitOfWork.issueSQLbeforeCompletion(RepeatableWriteUnitOfWork.java:355)
	at org.eclipse.persistence.transaction.AbstractSynchronizationListener.beforeCompletion(AbstractSynchronizationListener.java:158)
	... 58 more
Caused by: com.mysql.jdbc.exceptions.jdbc4.MySQLIntegrityConstraintViolationException: Duplicate entry '5' for key 'PRIMARY'
	at sun.reflect.NativeConstructorAccessorImpl.newInstance0(Native Method)
	at sun.reflect.NativeConstructorAccessorImpl.newInstance(NativeConstructorAccessorImpl.java:62)
	at sun.reflect.DelegatingConstructorAccessorImpl.newInstance(DelegatingConstructorAccessorImpl.java:45)
	at java.lang.reflect.Constructor.newInstance(Constructor.java:423)
	at com.mysql.jdbc.Util.handleNewInstance(Util.java:425)
	at com.mysql.jdbc.Util.getInstance(Util.java:408)
	at com.mysql.jdbc.SQLError.createSQLException(SQLError.java:935)
	at com.mysql.jdbc.MysqlIO.checkErrorPacket(MysqlIO.java:3970)
	at com.mysql.jdbc.MysqlIO.checkErrorPacket(MysqlIO.java:3906)
	at com.mysql.jdbc.MysqlIO.sendCommand(MysqlIO.java:2524)
	at com.mysql.jdbc.MysqlIO.sqlQueryDirect(MysqlIO.java:2677)
	at com.mysql.jdbc.ConnectionImpl.execSQL(ConnectionImpl.java:2549)
	at com.mysql.jdbc.PreparedStatement.executeInternal(PreparedStatement.java:1861)
	at com.mysql.jdbc.PreparedStatement.executeUpdateInternal(PreparedStatement.java:2073)
	at com.mysql.jdbc.PreparedStatement.executeUpdateInternal(PreparedStatement.java:2009)
	at com.mysql.jdbc.PreparedStatement.executeLargeUpdate(PreparedStatement.java:5098)
	at com.mysql.jdbc.PreparedStatement.executeUpdate(PreparedStatement.java:1994)
	at com.mysql.jdbc.jdbc2.optional.PreparedStatementWrapper.executeUpdate(PreparedStatementWrapper.java:543)
	at com.ibm.ws.rsadapter.jdbc.WSJdbcPreparedStatement.executeUpdate(WSJdbcPreparedStatement.java:525)
	at org.eclipse.persistence.internal.databaseaccess.DatabaseAccessor.executeDirectNoSelect(DatabaseAccessor.java:892)
	... 89 more

Dump of callerThis
Object type = com.ibm.ejs.csi.Required
  tc = class com.ibm.ejs.ras.TraceComponent@11b00a22
    strings[0] = "TraceComponent[com.ibm.ejs.csi.Required,class com.ibm.ejs.csi.Required,[EJBContainer],com.ibm.ejs.container.container,null]"
  CLASS_NAME = "com.ibm.ejs.csi.TranStrategy"
  tc = class com.ibm.ejs.ras.TraceComponent@3e9ecf1c
    strings[0] = "TraceComponent[com.ibm.ejs.csi.TranStrategy,class com.ibm.ejs.csi.TranStrategy,[EJBContainer],com.ibm.ejs.container.container,null]"
  svUOWSynchReg = class com.ibm.ws.uow.embeddable.EmbeddableUOWManagerImpl@1c1f6dba
    tc = class com.ibm.ejs.ras.TraceComponent@1bfd8398
      strings[0] = "TraceComponent[com.ibm.ws.uow.embeddable.EmbeddableUOWManagerImpl,class com.ibm.ws.uow.embeddable.EmbeddableUOWManagerImpl,[Transaction],null,null]"
    _callbackManager = null
    _runUnderUOWCallbackManager = class com.ibm.ws.uow.embeddable.UOWCallbackManager@3deb340b
      tc = class com.ibm.ejs.ras.TraceComponent@e452d36
      _callbacks = class java.util.ArrayList@3e2db18b
  txCtrl = class com.ibm.ejs.csi.TransactionControlImpl@2f7f4b28
    tc = class com.ibm.ejs.ras.TraceComponent@757805b8
      strings[0] = "TraceComponent[com.ibm.ejs.csi.TransactionControlImpl,class com.ibm.ejs.csi.TransactionControlImpl,[EJBContainer],com.ibm.ejs.container.container,null]"
    CLASS_NAME = "com.ibm.ejs.csi.TransactionControlImpl"
    txService = class com.ibm.tx.jta.embeddable.impl.EmbeddableTranManagerSet@359bf2ab
    uowCurrent = class com.ibm.tx.jta.embeddable.impl.EmbeddableTranManagerSet@359bf2ab
    ltcCurrent = class com.ibm.tx.ltc.embeddable.impl.EmbeddableLocalTranCurrentSet@4a772068
    txStrategies = class com.ibm.ejs.csi.TranStrategy[7]
      txStrategies[0] = class com.ibm.ejs.csi.NotSupported@446145c2
      txStrategies[1] = class com.ibm.ejs.csi.BeanManaged@4ced8362
      txStrategies[2] = class com.ibm.ejs.csi.Required@7ee6fb4b
      txStrategies[3] = class com.ibm.ejs.csi.Supports@2e5d3752
      txStrategies[4] = class com.ibm.ejs.csi.RequiresNew@21bbd4d4
      txStrategies[5] = class com.ibm.ejs.csi.Mandatory@6fbaca74
      txStrategies[6] = class com.ibm.ejs.csi.Never@4feca272
    userTransactionImpl = class com.ibm.ws.transaction.services.UserTransactionService@7680252e
      ut = class com.ibm.tx.jta.embeddable.impl.EmbeddableUserTransactionImpl@17131f42
      serialVersionUID = -1625627843543890907
      $$$tc$$$ = class com.ibm.websphere.ras.TraceComponent@102ac377
    stickyLocalTxTable = class com.ibm.ejs.util.FastHashtable@1de52778
      buckets = class com.ibm.ejs.util.Bucket[251]
      size = 0
    TIMEOUT_CLOCK_START = 0
    TIMEOUT_CLOCK_STOP = 2
  ltcCurrent = class com.ibm.tx.ltc.embeddable.impl.EmbeddableLocalTranCurrentSet@4a772068
    _callbackManager = class com.ibm.ws.uow.UOWScopeCallbackManager@7d997a94
      tc = class com.ibm.ws.tx.util.logging.WASTraceComponent@17d3fae6
      _callbacks = null
    _context = class com.ibm.tx.ltc.embeddable.impl.EmbeddableLocalTranCurrentSet$1@a47895c
      tc = class com.ibm.ejs.ras.TraceComponent@19b7dc8b
      count = 9
      index = 1
      SUSPECTED_MISUSAGE_THRESHOLD = 200
      threadLocalHashCode = 645060948
      nextHashCode = class java.util.concurrent.atomic.AtomicInteger@772e93c3
      HASH_INCREMENT = 1640531527
    _instance = class com.ibm.tx.ltc.embeddable.impl.EmbeddableLocalTranCurrentSet@4a772068
  txManager = class com.ibm.tx.jta.embeddable.impl.EmbeddableTranManagerSet@359bf2ab
    tc = class com.ibm.ejs.ras.TraceComponent@74ed32d8
      strings[0] = "TraceComponent[com.ibm.tx.jta.embeddable.impl.EmbeddableTranManagerSet,class com.ibm.tx.jta.embeddable.impl.EmbeddableTranManagerSet,[Transaction],com.ibm.ws.Transaction.resources.TransactionMsgs,null]"
    _callbackManager = class com.ibm.ws.uow.UOWScopeCallbackManager@528e3b1f
      tc = class com.ibm.ws.tx.util.logging.WASTraceComponent@17d3fae6
      _callbacks = null
    tc = class com.ibm.ws.tx.util.logging.WASTraceComponent@77d1c6d
      _tc = class com.ibm.ejs.ras.TraceComponent@3a02ab26
    _instance = class com.ibm.tx.jta.embeddable.impl.EmbeddableTranManagerSet@359bf2ab
    _replayComplete = true
    _quiesced = false
    _thread = class com.ibm.tx.jta.embeddable.impl.EmbeddableTranManagerSet$1@1e9ea204
      threadLocalHashCode = 596801571
      nextHashCode = class java.util.concurrent.atomic.AtomicInteger@772e93c3
      HASH_INCREMENT = 1640531527

