------Start of DE processing------ = [5/1/17 11:22:22:741 EEST]
Exception = javax.servlet.ServletException
Source = com.ibm.ws.webcontainer.filter.WebAppFilterManager.invokeFilters
probeid = 1064
Stack Dump = javax.servlet.ServletException: javax.el.ELException: javax.ejb.EJBException: See nested exception; nested exception is: java.lang.IllegalArgumentException: Entity must be managed to call remove: jpa.Employee@7e01031a, try merging the detached and try the remove again.
	at javax.faces.webapp.FacesServlet.service(FacesServlet.java:230)
	at com.ibm.ws.webcontainer.servlet.ServletWrapper.service(ServletWrapper.java:1290)
	at com.ibm.ws.webcontainer.servlet.ServletWrapper.handleRequest(ServletWrapper.java:778)
	at com.ibm.ws.webcontainer.servlet.ServletWrapper.handleRequest(ServletWrapper.java:475)
	at com.ibm.ws.webcontainer.filter.WebAppFilterManager.invokeFilters(WebAppFilterManager.java:1157)
	at com.ibm.ws.webcontainer.servlet.CacheServletWrapper.handleRequest(CacheServletWrapper.java:82)
	at com.ibm.ws.webcontainer.WebContainer.handleRequest(WebContainer.java:945)
	at com.ibm.ws.webcontainer.osgi.DynamicVirtualHost$2.run(DynamicVirtualHost.java:280)
	at com.ibm.ws.http.dispatcher.internal.channel.HttpDispatcherLink$TaskWrapper.run(HttpDispatcherLink.java:967)
	at com.ibm.ws.http.dispatcher.internal.channel.HttpDispatcherLink.wrapHandlerAndExecute(HttpDispatcherLink.java:359)
	at com.ibm.ws.http.dispatcher.internal.channel.HttpDispatcherLink.ready(HttpDispatcherLink.java:318)
	at com.ibm.ws.http.channel.internal.inbound.HttpInboundLink.handleDiscrimination(HttpInboundLink.java:471)
	at com.ibm.ws.http.channel.internal.inbound.HttpInboundLink.handleNewRequest(HttpInboundLink.java:405)
	at com.ibm.ws.http.channel.internal.inbound.HttpInboundLink.processRequest(HttpInboundLink.java:285)
	at com.ibm.ws.http.channel.internal.inbound.HttpICLReadCallback.complete(HttpICLReadCallback.java:66)
	at com.ibm.ws.tcpchannel.internal.WorkQueueManager.requestComplete(WorkQueueManager.java:504)
	at com.ibm.ws.tcpchannel.internal.WorkQueueManager.attemptIO(WorkQueueManager.java:574)
	at com.ibm.ws.tcpchannel.internal.WorkQueueManager.workerRun(WorkQueueManager.java:929)
	at com.ibm.ws.tcpchannel.internal.WorkQueueManager$Worker.run(WorkQueueManager.java:1018)
	at java.util.concurrent.ThreadPoolExecutor.runWorker(ThreadPoolExecutor.java:1142)
	at java.util.concurrent.ThreadPoolExecutor$Worker.run(ThreadPoolExecutor.java:617)
	at java.lang.Thread.run(Thread.java:745)
Caused by: org.apache.myfaces.view.facelets.el.ContextAwareELException: javax.el.ELException: javax.ejb.EJBException: See nested exception; nested exception is: java.lang.IllegalArgumentException: Entity must be managed to call remove: jpa.Employee@7e01031a, try merging the detached and try the remove again.
	at org.apache.myfaces.view.facelets.el.ContextAwareTagMethodExpression.invoke(ContextAwareTagMethodExpression.java:108)
	at org.apache.myfaces.application.ActionListenerImpl.processAction(ActionListenerImpl.java:74)
	at javax.faces.component.UICommand.broadcast(UICommand.java:120)
	at javax.faces.component.UIData.broadcast(UIData.java:1692)
	at javax.faces.component.UIViewRoot._broadcastAll(UIViewRoot.java:1172)
	at javax.faces.component.UIViewRoot.broadcastEvents(UIViewRoot.java:365)
	at javax.faces.component.UIViewRoot._process(UIViewRoot.java:1658)
	at javax.faces.component.UIViewRoot.processApplication(UIViewRoot.java:862)
	at org.apache.myfaces.lifecycle.InvokeApplicationExecutor.execute(InvokeApplicationExecutor.java:42)
	at org.apache.myfaces.lifecycle.LifecycleImpl.executePhase(LifecycleImpl.java:196)
	at org.apache.myfaces.lifecycle.LifecycleImpl.execute(LifecycleImpl.java:143)
	at javax.faces.webapp.FacesServlet.service(FacesServlet.java:198)
	... 21 more
Caused by: javax.el.ELException: javax.ejb.EJBException: See nested exception; nested exception is: java.lang.IllegalArgumentException: Entity must be managed to call remove: jpa.Employee@7e01031a, try merging the detached and try the remove again.
	at org.apache.el.parser.AstValue.invoke(AstValue.java:258)
	at org.apache.el.MethodExpressionImpl.invoke(MethodExpressionImpl.java:267)
	at org.jboss.weld.util.el.ForwardingMethodExpression.invoke(ForwardingMethodExpression.java:40)
	at org.jboss.weld.el.WeldMethodExpression.invoke(WeldMethodExpression.java:50)
	at org.apache.myfaces.view.facelets.el.ContextAwareTagMethodExpression.invoke(ContextAwareTagMethodExpression.java:96)
	... 32 more
Caused by: javax.ejb.EJBException: See nested exception; nested exception is: java.lang.IllegalArgumentException: Entity must be managed to call remove: jpa.Employee@7e01031a, try merging the detached and try the remove again.
	at com.ibm.ejs.container.util.ExceptionUtil.EJBException(ExceptionUtil.java:461)
	at com.ibm.ejs.container.util.ExceptionUtil.EJBException(ExceptionUtil.java:337)
	at com.ibm.ejs.container.BusinessExceptionMappingStrategy.mapException(BusinessExceptionMappingStrategy.java:348)
	at com.ibm.ejs.container.BusinessExceptionMappingStrategy.setUncheckedException(BusinessExceptionMappingStrategy.java:520)
	at com.ibm.ejs.container.EJSDeployedSupport.setUncheckedLocalException(EJSDeployedSupport.java:468)
	at ejb.EJSLocal0SLEmployeeFacadeImpl_3ee1a9f4.delete(EJSLocal0SLEmployeeFacadeImpl_3ee1a9f4.java)
	at jsf.model.employee.EmployeeBeanDelete.delete(EmployeeBeanDelete.java:27)
	at sun.reflect.NativeMethodAccessorImpl.invoke0(Native Method)
	at sun.reflect.NativeMethodAccessorImpl.invoke(NativeMethodAccessorImpl.java:62)
	at sun.reflect.DelegatingMethodAccessorImpl.invoke(DelegatingMethodAccessorImpl.java:43)
	at java.lang.reflect.Method.invoke(Method.java:498)
	at org.apache.el.parser.AstValue.invoke(AstValue.java:245)
	... 36 more
Caused by: java.lang.IllegalArgumentException: Entity must be managed to call remove: jpa.Employee@7e01031a, try merging the detached and try the remove again.
	at org.eclipse.persistence.internal.sessions.UnitOfWorkImpl.performRemove(UnitOfWorkImpl.java:3581)
	at org.eclipse.persistence.internal.jpa.EntityManagerImpl.remove(EntityManagerImpl.java:574)
	at com.ibm.ws.jpa.management.JPAExEmInvocation.remove(JPAExEmInvocation.java:362)
	at com.ibm.ws.jpa.management.JPAEntityManager.remove(JPAEntityManager.java:208)
	at ejb.EmployeeFacadeImpl.delete(EmployeeFacadeImpl.java:33)
	at sun.reflect.NativeMethodAccessorImpl.invoke0(Native Method)
	at sun.reflect.NativeMethodAccessorImpl.invoke(NativeMethodAccessorImpl.java:62)
	at sun.reflect.DelegatingMethodAccessorImpl.invoke(DelegatingMethodAccessorImpl.java:43)
	at java.lang.reflect.Method.invoke(Method.java:498)
	at com.ibm.ejs.container.EJSContainer.invokeProceed(EJSContainer.java:5323)
	at com.ibm.ejs.container.interceptors.InvocationContextImpl.proceed(InvocationContextImpl.java:652)
	at com.ibm.ws.cdi.ejb.impl.InterceptorChain.proceed(InterceptorChain.java:120)
	at com.ibm.ws.cdi.ejb.impl.EJBCDIInterceptorWrapper.invokeInterceptors(EJBCDIInterceptorWrapper.java:140)
	at com.ibm.ws.cdi.ejb.impl.EJBCDIInterceptorWrapper.aroundInvoke(EJBCDIInterceptorWrapper.java:56)
	at sun.reflect.NativeMethodAccessorImpl.invoke0(Native Method)
	at sun.reflect.NativeMethodAccessorImpl.invoke(NativeMethodAccessorImpl.java:62)
	at sun.reflect.DelegatingMethodAccessorImpl.invoke(DelegatingMethodAccessorImpl.java:43)
	at java.lang.reflect.Method.invoke(Method.java:498)
	at com.ibm.ejs.container.interceptors.InterceptorProxy.invokeInterceptor(InterceptorProxy.java:201)
	at com.ibm.ejs.container.interceptors.InvocationContextImpl.proceed(InvocationContextImpl.java:632)
	at org.jboss.weld.ejb.AbstractEJBRequestScopeActivationInterceptor.aroundInvoke(AbstractEJBRequestScopeActivationInterceptor.java:64)
	at com.ibm.ws.cdi.ejb.impl.WeldSessionBeanInterceptorWrapper.aroundInvoke(WeldSessionBeanInterceptorWrapper.java:58)
	at sun.reflect.NativeMethodAccessorImpl.invoke0(Native Method)
	at sun.reflect.NativeMethodAccessorImpl.invoke(NativeMethodAccessorImpl.java:62)
	at sun.reflect.DelegatingMethodAccessorImpl.invoke(DelegatingMethodAccessorImpl.java:43)
	at java.lang.reflect.Method.invoke(Method.java:498)
	at com.ibm.ejs.container.interceptors.InterceptorProxy.invokeInterceptor(InterceptorProxy.java:201)
	at com.ibm.ejs.container.interceptors.InvocationContextImpl.proceed(InvocationContextImpl.java:632)
	at com.ibm.ejs.container.interceptors.InvocationContextImpl.doAroundInterceptor(InvocationContextImpl.java:306)
	at com.ibm.ejs.container.interceptors.InvocationContextImpl.doAroundInvoke(InvocationContextImpl.java:273)
	at com.ibm.ejs.container.EJSContainer.invoke(EJSContainer.java:5215)
	... 43 more

Dump of callerThis
null
